<?xml version="1.0" encoding="UTF-8"?>
<!-- Generated by org.testng.reporters.JUnitXMLReporter -->
<testsuite ignored="0" hostname="admin1-H110M-H" failures="0" tests="30" name="Default test" time="2.015" errors="0" timestamp="2019-12-12T15:14:54 IST">
  <testcase classname="com.bridgelabz.fundoonotes.restassuredtest.UserServiceRestAssuredApiTest" name="addUserApiTest" time="1.057"/>
  <testcase classname="com.bridgelabz.fundoonotes.restassuredtest.UserServiceRestAssuredApiTest" name="deleteUserApiTest" time="0.036"/>
  <testcase classname="com.bridgelabz.fundoonotes.restassuredtest.UserServiceRestAssuredApiTest" name="findUserApiTest" time="0.019"/>
  <testcase classname="com.bridgelabz.fundoonotes.restassuredtest.UserServiceRestAssuredApiTest" name="loginApiTest" time="0.118"/>
  <testcase classname="com.bridgelabz.fundoonotes.restassuredtest.UserServiceRestAssuredApiTest" name="resetPasswordTest" time="0.105"/>
  <testcase classname="com.bridgelabz.fundoonotes.restassuredtest.UserServiceRestAssuredApiTest" name="showUsersApiTest" time="0.014"/>
  <testcase classname="com.bridgelabz.fundoonotes.restassuredtest.UserServiceRestAssuredApiTest" name="updateUserApiTest" time="0.015"/>
  <testcase classname="com.bridgelabz.fundoonotes.restassuredtest.LabelServiceRestAssuredApiTest" name="addLabelApiTest" time="0.017"/>
  <testcase classname="com.bridgelabz.fundoonotes.restassuredtest.LabelServiceRestAssuredApiTest" name="addLabelToNoteApiTest" time="0.037"/>
  <testcase classname="com.bridgelabz.fundoonotes.restassuredtest.LabelServiceRestAssuredApiTest" name="deleteLabelApiTest" time="0.012"/>
  <testcase classname="com.bridgelabz.fundoonotes.restassuredtest.LabelServiceRestAssuredApiTest" name="findLabelByIdApiTest" time="0.012"/>
  <testcase classname="com.bridgelabz.fundoonotes.restassuredtest.LabelServiceRestAssuredApiTest" name="showLabelsApiTest" time="0.01"/>
  <testcase classname="com.bridgelabz.fundoonotes.restassuredtest.LabelServiceRestAssuredApiTest" name="updateLabelApiTest" time="0.016"/>
  <testcase classname="com.bridgelabz.fundoonotes.restassuredtest.NoteServiceRestAssuredApiTest" name="addCollaboratorApiTest" time="0.025"/>
  <testcase classname="com.bridgelabz.fundoonotes.restassuredtest.NoteServiceRestAssuredApiTest" name="addNoteApiTest" time="0.024"/>
  <testcase classname="com.bridgelabz.fundoonotes.restassuredtest.NoteServiceRestAssuredApiTest" name="addReminderApiTest" time="0.111"/>
  <testcase classname="com.bridgelabz.fundoonotes.restassuredtest.NoteServiceRestAssuredApiTest" name="archiveApiTest" time="0.029"/>
  <testcase classname="com.bridgelabz.fundoonotes.restassuredtest.NoteServiceRestAssuredApiTest" name="deleteNoteApiTest" time="0.026"/>
  <testcase classname="com.bridgelabz.fundoonotes.restassuredtest.NoteServiceRestAssuredApiTest" name="editReminderApiTest" time="0.013"/>
  <testcase classname="com.bridgelabz.fundoonotes.restassuredtest.NoteServiceRestAssuredApiTest" name="findNoteApiTest" time="0.016"/>
  <testcase classname="com.bridgelabz.fundoonotes.restassuredtest.NoteServiceRestAssuredApiTest" name="isPinApiTest" time="0.028"/>
  <testcase classname="com.bridgelabz.fundoonotes.restassuredtest.NoteServiceRestAssuredApiTest" name="isTrashApiTest" time="0.045"/>
  <testcase classname="com.bridgelabz.fundoonotes.restassuredtest.NoteServiceRestAssuredApiTest" name="removeCollaboratorApiTest" time="0.026"/>
  <testcase classname="com.bridgelabz.fundoonotes.restassuredtest.NoteServiceRestAssuredApiTest" name="removeReminderApiTest" time="0.023"/>
  <testcase classname="com.bridgelabz.fundoonotes.restassuredtest.NoteServiceRestAssuredApiTest" name="showNotesApiTest" time="0.013"/>
  <testcase classname="com.bridgelabz.fundoonotes.restassuredtest.NoteServiceRestAssuredApiTest" name="sortNoteByDateAscApiTest" time="0.013"/>
  <testcase classname="com.bridgelabz.fundoonotes.restassuredtest.NoteServiceRestAssuredApiTest" name="sortNoteByDateDescApiTest" time="0.013"/>
  <testcase classname="com.bridgelabz.fundoonotes.restassuredtest.NoteServiceRestAssuredApiTest" name="sortNoteByTitleAscApiTest" time="0.008"/>
  <testcase classname="com.bridgelabz.fundoonotes.restassuredtest.NoteServiceRestAssuredApiTest" name="sortNoteByTitleDescApiTest" time="0.008"/>
  <testcase classname="com.bridgelabz.fundoonotes.restassuredtest.NoteServiceRestAssuredApiTest" name="updateNoteApiTest" time="0.025"/>
</testsuite> <!-- Default test -->
